<?xml version="1.0" encoding="UTF-8"?>
<!-- Generated by org.testng.reporters.JUnitXMLReporter -->
<testsuite ignored="0" hostname="QINFJ92TL3" failures="1" tests="8" name="Functional Test" time="9.343" errors="0" timestamp="2024-10-02T14:24:30 CEST">
  <testcase classname="ui.LoginTest" name="loginTest" time="0.006"/>
  <testcase classname="ui.LoginTest" name="logoutTest" time="0.001"/>
  <testcase classname="ui.VerifyTitleTest" name="titleTest" time="5.81"/>
  <testcase classname="ui.GroupDemoTest" name="bTest1" time="0.001"/>
  <testcase classname="ui.GroupDemoTest" name="bTest2" time="0.0"/>
  <testcase classname="ui.GroupDemoTest" name="bTest3" time="0.0"/>
  <testcase classname="ui.GroupDemoTest" name="bTest4" time="0.0"/>
  <testcase classname="ui.VerifyTitleAndTextTest" name="titleTest" time="3.46">
    <failure type="java.lang.AssertionError" message="The following asserts failed:
	expected [Electronics, Cars,htrew Fashion, Collectibles &amp;amp; More | eBay] but found [Electronics, Cars, Fashion, Collectibles &amp;amp; More | eBay]">
      <![CDATA[java.lang.AssertionError: The following asserts failed:
expected [Electronics, Cars,htrew Fashion, Collectibles & More | eBay] but found [Electronics, Cars, Fashion, Collectibles & More | eBay]
at ui.VerifyTitleAndTextTest.titleTest(VerifyTitleAndTextTest.java:37)
at java.base/java.util.ArrayList.forEach(ArrayList.java:1597)
... Removed 28 stack frames]]>
    </failure>
  </testcase> <!-- titleTest -->
</testsuite> <!-- Functional Test -->
